<?xml version="1.0" encoding="UTF-8"?>
<!-- Generated by org.testng.reporters.JUnitReportReporter -->
<testsuite hostname="360NDCPC079" failures="0" tests="1" name="com.faviana.testScripts.Faviana_Registration" time="9.499" errors="0" timestamp="15 Nov 2018 12:02:04 GMT" skipped="0">
  <testcase classname="com.faviana.testScripts.Faviana_Registration" name="ApplicationLandingPage" time="9.499"/>
</testsuite> <!-- com.faviana.testScripts.Faviana_Registration -->
