<?xml version="1.0" encoding="UTF-8"?>
<!-- Generated by org.testng.reporters.JUnitReportReporter -->
<testsuite hostname="360NDCPC079" failures="0" tests="1" name="com.faviana.testScripts.Faviana_Registration" time="7.556" errors="0" timestamp="14 Nov 2018 09:35:41 GMT" skipped="0">
  <testcase classname="com.faviana.testScripts.Faviana_Registration" name="ApplicationLandingPage" time="7.556"/>
</testsuite> <!-- com.faviana.testScripts.Faviana_Registration -->
