<?xml version="1.0" encoding="UTF-8"?>
<!-- Generated by org.testng.reporters.JUnitReportReporter -->
<testsuite hostname="360NDCPC079" failures="0" tests="1" name="com.faviana.testScripts.Faviana_Login" time="4.874" errors="0" timestamp="13 Nov 2018 07:37:16 GMT" skipped="0">
  <testcase classname="com.faviana.testScripts.Faviana_Login" name="ApplicationLandingPage" time="4.874"/>
</testsuite> <!-- com.faviana.testScripts.Faviana_Login -->
