<?xml version="1.0" encoding="UTF-8"?>
<!-- Generated by org.testng.reporters.JUnitReportReporter -->
<testsuite hostname="360NDCPC079" failures="0" tests="1" name="com.faviana.testScripts.Dealership" time="0.011" errors="0" timestamp="29 Oct 2018 09:19:17 GMT" skipped="0">
  <testcase classname="com.faviana.testScripts.Dealership" name="ApplicationLandingPage" time="0.011"/>
</testsuite> <!-- com.faviana.testScripts.Dealership -->
